TN:
SF:src/db.js
FNF:0
FNH:0
DA:1,0
DA:2,0
DA:4,0
DA:12,0
LF:4
LH:0
BRF:0
BRH:0
end_of_record
TN:
SF:src/db/seed.js
FN:12,(anonymous_0)
FNF:1
FNH:0
FNDA:0,(anonymous_0)
DA:1,0
DA:2,0
DA:4,0
DA:12,0
DA:13,0
DA:15,0
DA:16,0
DA:17,0
DA:20,0
DA:28,0
DA:29,0
DA:35,0
DA:36,0
DA:38,0
DA:39,0
DA:43,0
LF:16
LH:0
BRF:0
BRH:0
end_of_record
TN:
SF:src/routes/appointments.js
FN:15,(anonymous_0)
FN:34,(anonymous_1)
FN:52,(anonymous_2)
FN:77,(anonymous_3)
FN:120,(anonymous_4)
FN:171,(anonymous_5)
FNF:6
FNH:6
FNDA:2,(anonymous_0)
FNDA:3,(anonymous_1)
FNDA:3,(anonymous_2)
FNDA:6,(anonymous_3)
FNDA:6,(anonymous_4)
FNDA:4,(anonymous_5)
DA:1,1
DA:2,1
DA:3,1
DA:4,1
DA:6,1
DA:15,1
DA:16,2
DA:17,2
DA:26,1
DA:28,1
DA:29,1
DA:34,1
DA:35,3
DA:36,3
DA:44,2
DA:46,2
DA:47,2
DA:52,1
DA:53,3
DA:54,3
DA:62,2
DA:64,2
DA:65,2
DA:70,1
DA:78,6
DA:79,6
DA:80,6
DA:81,1
DA:84,5
DA:87,5
DA:88,4
DA:89,1
DA:93,3
DA:94,2
DA:95,2
DA:96,1
DA:100,2
DA:105,2
DA:107,1
DA:108,1
DA:114,1
DA:121,6
DA:122,6
DA:123,6
DA:124,1
DA:127,5
DA:130,5
DA:131,5
DA:132,5
DA:134,5
DA:135,2
DA:136,2
DA:137,2
DA:139,5
DA:140,4
DA:141,4
DA:142,4
DA:144,5
DA:145,2
DA:146,2
DA:147,2
DA:150,5
DA:151,5
DA:153,5
DA:158,4
DA:159,1
DA:162,3
DA:164,1
DA:165,1
DA:171,1
DA:172,4
DA:174,4
DA:179,3
DA:180,1
DA:184,1
DA:186,1
DA:188,2
DA:189,2
DA:193,1
LF:79
LH:79
BRDA:80,0,0,1
BRDA:80,0,1,5
BRDA:88,1,0,1
BRDA:88,1,1,3
BRDA:93,2,0,2
BRDA:93,2,1,1
BRDA:95,3,0,1
BRDA:95,3,1,1
BRDA:102,4,0,2
BRDA:102,4,1,0
BRDA:123,5,0,1
BRDA:123,5,1,5
BRDA:134,6,0,2
BRDA:134,6,1,3
BRDA:139,7,0,4
BRDA:139,7,1,1
BRDA:144,8,0,2
BRDA:144,8,1,3
BRDA:158,9,0,1
BRDA:158,9,1,3
BRDA:179,10,0,1
BRDA:179,10,1,1
BRF:22
BRH:21
end_of_record
TN:
SF:src/routes/auth.js
FN:43,(anonymous_0)
FN:161,(anonymous_1)
FNF:2
FNH:2
FNDA:4,(anonymous_0)
FNDA:4,(anonymous_1)
DA:1,1
DA:2,1
DA:3,1
DA:4,1
DA:5,1
DA:6,1
DA:7,1
DA:10,1
DA:19,1
DA:45,4
DA:46,4
DA:47,1
DA:60,3
DA:63,3
DA:67,3
DA:68,1
DA:71,2
DA:72,2
DA:73,2
DA:76,2
DA:77,2
DA:80,2
DA:87,2
DA:90,2
DA:91,1
DA:106,1
DA:107,1
DA:121,2
DA:124,2
DA:134,2
DA:145,0
DA:146,0
DA:147,0
DA:149,2
DA:155,1
DA:163,4
DA:164,4
DA:165,1
DA:168,3
DA:170,3
DA:172,3
DA:176,3
DA:177,1
DA:179,2
DA:182,2
DA:183,2
DA:184,1
DA:188,1
DA:195,1
DA:206,0
DA:207,0
DA:212,1
LF:52
LH:47
BRDA:46,0,0,1
BRDA:46,0,1,3
BRDA:67,1,0,1
BRDA:67,1,1,2
BRDA:90,2,0,1
BRDA:90,2,1,1
BRDA:106,3,0,1
BRDA:106,3,1,0
BRDA:164,4,0,1
BRDA:164,4,1,3
BRDA:176,5,0,1
BRDA:176,5,1,2
BRDA:183,6,0,1
BRDA:183,6,1,1
BRF:14
BRH:13
end_of_record
TN:
SF:src/routes/doctors.js
FN:15,(anonymous_0)
FN:26,(anonymous_1)
FN:51,(anonymous_2)
FN:65,(anonymous_3)
FN:87,(anonymous_4)
FN:118,(anonymous_5)
FN:145,(anonymous_6)
FNF:7
FNH:7
FNDA:2,(anonymous_0)
FNDA:2,(anonymous_1)
FNDA:2,(anonymous_2)
FNDA:2,(anonymous_3)
FNDA:2,(anonymous_4)
FNDA:3,(anonymous_5)
FNDA:2,(anonymous_6)
DA:1,1
DA:2,1
DA:3,1
DA:4,1
DA:6,1
DA:15,1
DA:16,2
DA:17,2
DA:18,1
DA:20,1
DA:21,1
DA:26,1
DA:27,2
DA:28,2
DA:29,2
DA:30,1
DA:33,1
DA:43,1
DA:45,0
DA:46,0
DA:51,1
DA:52,2
DA:53,2
DA:54,2
DA:55,1
DA:57,1
DA:59,0
DA:60,0
DA:65,1
DA:66,2
DA:67,2
DA:68,2
DA:69,1
DA:71,1
DA:73,0
DA:74,0
DA:79,1
DA:88,2
DA:89,2
DA:90,2
DA:91,1
DA:94,1
DA:96,1
DA:101,1
DA:103,0
DA:104,0
DA:110,1
DA:119,3
DA:120,3
DA:121,3
DA:122,1
DA:125,2
DA:127,2
DA:132,2
DA:133,1
DA:136,1
DA:138,0
DA:139,0
DA:145,1
DA:146,2
DA:147,2
DA:149,2
DA:150,1
DA:153,1
DA:155,0
DA:156,0
DA:160,1
LF:67
LH:55
BRDA:29,0,0,1
BRDA:29,0,1,1
BRDA:54,1,0,1
BRDA:54,1,1,1
BRDA:68,2,0,1
BRDA:68,2,1,1
BRDA:90,3,0,1
BRDA:90,3,1,1
BRDA:121,4,0,1
BRDA:121,4,1,2
BRDA:132,5,0,1
BRDA:132,5,1,1
BRDA:149,6,0,1
BRDA:149,6,1,1
BRF:14
BRH:14
end_of_record
TN:
SF:src/routes/messages.js
FN:13,(anonymous_0)
FN:41,(anonymous_1)
FNF:2
FNH:2
FNDA:3,(anonymous_0)
FNDA:4,(anonymous_1)
DA:1,1
DA:2,1
DA:3,1
DA:5,1
DA:13,1
DA:14,3
DA:15,3
DA:16,3
DA:33,2
DA:35,2
DA:36,2
DA:41,1
DA:42,4
DA:43,4
DA:44,4
DA:45,4
DA:52,3
DA:54,2
DA:55,2
DA:59,1
LF:20
LH:20
BRF:0
BRH:0
end_of_record
TN:
SF:src/routes/patients.js
FN:15,(anonymous_0)
FN:26,(anonymous_1)
FN:50,(anonymous_2)
FN:64,(anonymous_3)
FN:87,(anonymous_4)
FN:127,(anonymous_5)
FN:162,(anonymous_6)
FNF:7
FNH:7
FNDA:2,(anonymous_0)
FNDA:2,(anonymous_1)
FNDA:2,(anonymous_2)
FNDA:2,(anonymous_3)
FNDA:2,(anonymous_4)
FNDA:3,(anonymous_5)
FNDA:2,(anonymous_6)
DA:1,1
DA:2,1
DA:3,1
DA:4,1
DA:6,1
DA:15,1
DA:16,2
DA:17,2
DA:18,1
DA:20,1
DA:21,1
DA:26,1
DA:27,2
DA:28,2
DA:29,2
DA:30,1
DA:33,1
DA:42,1
DA:44,0
DA:45,0
DA:50,1
DA:51,2
DA:52,2
DA:53,2
DA:54,1
DA:56,1
DA:58,0
DA:59,0
DA:64,1
DA:65,2
DA:66,2
DA:67,2
DA:68,1
DA:70,1
DA:72,0
DA:73,0
DA:78,1
DA:88,2
DA:89,2
DA:90,2
DA:91,1
DA:102,1
DA:104,1
DA:109,1
DA:111,0
DA:112,0
DA:118,1
DA:128,3
DA:129,3
DA:130,3
DA:131,1
DA:142,2
DA:144,2
DA:149,2
DA:150,1
DA:153,1
DA:155,0
DA:156,0
DA:162,1
DA:163,2
DA:164,2
DA:166,2
DA:167,1
DA:170,1
DA:172,0
DA:173,0
DA:177,1
LF:67
LH:55
BRDA:29,0,0,1
BRDA:29,0,1,1
BRDA:53,1,0,1
BRDA:53,1,1,1
BRDA:67,2,0,1
BRDA:67,2,1,1
BRDA:90,3,0,1
BRDA:90,3,1,1
BRDA:130,4,0,1
BRDA:130,4,1,2
BRDA:149,5,0,1
BRDA:149,5,1,1
BRDA:166,6,0,1
BRDA:166,6,1,1
BRF:14
BRH:14
end_of_record
TN:
SF:src/routes/prescriptions.js
FN:18,(anonymous_0)
FN:43,(anonymous_1)
FN:83,(anonymous_2)
FN:123,(anonymous_3)
FN:163,(anonymous_4)
FN:215,(anonymous_5)
FN:268,(anonymous_6)
FN:300,(anonymous_7)
FN:339,(anonymous_8)
FNF:9
FNH:9
FNDA:2,(anonymous_0)
FNDA:2,(anonymous_1)
FNDA:2,(anonymous_2)
FNDA:2,(anonymous_3)
FNDA:2,(anonymous_4)
FNDA:4,(anonymous_5)
FNDA:3,(anonymous_6)
FNDA:3,(anonymous_7)
FNDA:2,(anonymous_8)
DA:1,1
DA:2,1
DA:3,1
DA:4,1
DA:5,1
DA:7,1
DA:18,1
DA:19,2
DA:20,2
DA:21,2
DA:22,1
DA:24,1
DA:33,1
DA:35,0
DA:36,0
DA:43,1
DA:44,2
DA:45,2
DA:46,2
DA:73,1
DA:75,1
DA:76,1
DA:83,1
DA:84,2
DA:85,2
DA:86,2
DA:113,1
DA:115,1
DA:116,1
DA:123,1
DA:124,2
DA:125,2
DA:126,2
DA:153,1
DA:155,1
DA:156,1
DA:163,1
DA:164,2
DA:165,2
DA:166,2
DA:193,1
DA:195,1
DA:196,1
DA:203,1
DA:216,4
DA:217,4
DA:218,1
DA:221,3
DA:223,3
DA:225,3
DA:226,3
DA:228,2
DA:229,2
DA:232,1
DA:239,1
DA:242,1
DA:243,1
DA:252,1
DA:259,0
DA:260,0
DA:268,1
DA:269,3
DA:270,3
DA:273,3
DA:274,2
DA:275,1
DA:279,1
DA:280,1
DA:286,1
DA:288,0
DA:289,0
DA:292,1
DA:293,1
DA:300,1
DA:301,3
DA:302,3
DA:303,3
DA:328,2
DA:329,1
DA:331,1
DA:333,1
DA:334,1
DA:339,1
DA:340,2
DA:341,2
DA:364,1
DA:366,1
DA:367,1
DA:371,1
LF:89
LH:83
BRDA:21,0,0,1
BRDA:21,0,1,1
BRDA:217,1,0,1
BRDA:217,1,1,3
BRDA:226,2,0,1
BRDA:226,2,1,2
BRDA:229,3,0,1
BRDA:229,3,1,1
BRDA:274,4,0,1
BRDA:274,4,1,1
BRDA:328,5,0,1
BRDA:328,5,1,1
BRF:12
BRH:12
end_of_record
TN:
SF:src/routes/refillRequests.js
FN:14,(anonymous_0)
FN:31,(anonymous_1)
FN:77,(anonymous_2)
FNF:3
FNH:3
FNDA:2,(anonymous_0)
FNDA:2,(anonymous_1)
FNDA:5,(anonymous_2)
DA:1,1
DA:2,1
DA:3,1
DA:5,1
DA:14,1
DA:15,2
DA:16,2
DA:17,2
DA:23,1
DA:25,1
DA:26,1
DA:31,1
DA:32,2
DA:33,2
DA:69,1
DA:71,1
DA:72,1
DA:77,1
DA:78,5
DA:79,5
DA:80,1
DA:82,4
DA:83,4
DA:84,4
DA:92,3
DA:93,1
DA:95,2
DA:97,1
DA:98,1
DA:102,1
LF:30
LH:30
BRDA:79,0,0,1
BRDA:79,0,1,4
BRDA:83,1,0,3
BRDA:83,1,1,1
BRDA:92,2,0,1
BRDA:92,2,1,2
BRF:6
BRH:6
end_of_record
