TN:
SF:src\app.js
FNF:0
FNH:0
DA:1,0
DA:4,0
DA:5,0
DA:6,0
DA:7,0
DA:8,0
LF:6
LH:0
BRF:0
BRH:0
end_of_record
TN:
SF:src\db\seed.js
FN:12,(anonymous_0)
FNF:1
FNH:0
FNDA:0,(anonymous_0)
DA:1,0
DA:2,0
DA:4,0
DA:12,0
DA:13,0
DA:15,0
DA:16,0
DA:17,0
DA:20,0
DA:28,0
DA:29,0
DA:35,0
DA:36,0
DA:38,0
DA:39,0
DA:43,0
LF:16
LH:0
BRF:0
BRH:0
end_of_record
TN:
SF:src\routes\appointments.js
FN:15,(anonymous_0)
FN:34,(anonymous_1)
FN:52,(anonymous_2)
FN:77,(anonymous_3)
FN:120,(anonymous_4)
FN:171,(anonymous_5)
FNF:6
FNH:6
FNDA:2,(anonymous_0)
FNDA:3,(anonymous_1)
FNDA:3,(anonymous_2)
FNDA:6,(anonymous_3)
FNDA:6,(anonymous_4)
FNDA:4,(anonymous_5)
DA:1,1
DA:2,1
DA:3,1
DA:4,1
DA:6,1
DA:15,1
DA:16,2
DA:17,2
DA:26,1
DA:28,1
DA:29,1
DA:34,1
DA:35,3
DA:36,3
DA:44,2
DA:46,2
DA:47,2
DA:52,1
DA:53,3
DA:54,3
DA:62,2
DA:64,2
DA:65,2
DA:70,1
DA:78,6
DA:79,6
DA:80,6
DA:81,1
DA:84,5
DA:87,5
DA:88,4
DA:89,1
DA:93,3
DA:94,2
DA:95,2
DA:96,1
DA:100,2
DA:105,2
DA:107,1
DA:108,1
DA:114,1
DA:121,6
DA:122,6
DA:123,6
DA:124,1
DA:127,5
DA:130,5
DA:131,5
DA:132,5
DA:134,5
DA:135,2
DA:136,2
DA:137,2
DA:139,5
DA:140,4
DA:141,4
DA:142,4
DA:144,5
DA:145,2
DA:146,2
DA:147,2
DA:150,5
DA:151,5
DA:153,5
DA:158,4
DA:159,1
DA:162,3
DA:164,1
DA:165,1
DA:171,1
DA:172,4
DA:174,4
DA:179,3
DA:180,1
DA:184,1
DA:186,1
DA:188,2
DA:189,2
DA:193,1
LF:79
LH:79
BRDA:80,0,0,1
BRDA:80,0,1,5
BRDA:88,1,0,1
BRDA:88,1,1,3
BRDA:93,2,0,2
BRDA:93,2,1,1
BRDA:95,3,0,1
BRDA:95,3,1,1
BRDA:102,4,0,2
BRDA:102,4,1,0
BRDA:123,5,0,1
BRDA:123,5,1,5
BRDA:134,6,0,2
BRDA:134,6,1,3
BRDA:139,7,0,4
BRDA:139,7,1,1
BRDA:144,8,0,2
BRDA:144,8,1,3
BRDA:158,9,0,1
BRDA:158,9,1,3
BRDA:179,10,0,1
BRDA:179,10,1,1
BRF:22
BRH:21
end_of_record
TN:
SF:src\routes\auth.js
FN:33,(anonymous_0)
FN:144,(anonymous_1)
FNF:2
FNH:2
FNDA:4,(anonymous_0)
FNDA:4,(anonymous_1)
DA:1,1
DA:2,1
DA:3,1
DA:4,1
DA:5,1
DA:6,1
DA:7,1
DA:10,1
DA:19,1
DA:34,4
DA:36,4
DA:37,4
DA:38,1
DA:51,3
DA:54,3
DA:58,3
DA:59,1
DA:63,2
DA:64,2
DA:65,2
DA:68,2
DA:69,2
DA:72,2
DA:78,2
DA:79,1
DA:85,1
DA:86,1
DA:93,1
DA:99,2
DA:102,2
DA:114,2
DA:125,0
DA:126,0
DA:128,2
DA:131,0
DA:132,0
DA:138,1
DA:145,4
DA:147,4
DA:148,4
DA:149,1
DA:152,3
DA:155,3
DA:159,3
DA:160,1
DA:162,2
DA:165,2
DA:166,2
DA:167,1
DA:171,1
DA:178,1
DA:189,0
DA:190,0
DA:195,1
LF:54
LH:48
BRDA:37,0,0,1
BRDA:37,0,1,3
BRDA:58,1,0,1
BRDA:58,1,1,2
BRDA:78,2,0,1
BRDA:78,2,1,1
BRDA:85,3,0,1
BRDA:85,3,1,0
BRDA:148,4,0,1
BRDA:148,4,1,3
BRDA:159,5,0,1
BRDA:159,5,1,2
BRDA:166,6,0,1
BRDA:166,6,1,1
BRF:14
BRH:13
end_of_record
TN:
SF:src\routes\doctors.js
FN:15,(anonymous_0)
FN:26,(anonymous_1)
FN:50,(anonymous_2)
FN:64,(anonymous_3)
FN:86,(anonymous_4)
FN:117,(anonymous_5)
FN:144,(anonymous_6)
FNF:7
FNH:7
FNDA:2,(anonymous_0)
FNDA:2,(anonymous_1)
FNDA:2,(anonymous_2)
FNDA:2,(anonymous_3)
FNDA:2,(anonymous_4)
FNDA:3,(anonymous_5)
FNDA:2,(anonymous_6)
DA:1,1
DA:2,1
DA:3,1
DA:4,1
DA:6,1
DA:15,1
DA:16,2
DA:17,2
DA:18,1
DA:20,1
DA:21,1
DA:26,1
DA:27,2
DA:28,2
DA:29,2
DA:30,1
DA:33,1
DA:42,1
DA:44,0
DA:45,0
DA:50,1
DA:51,2
DA:52,2
DA:53,2
DA:54,1
DA:56,1
DA:58,0
DA:59,0
DA:64,1
DA:65,2
DA:66,2
DA:67,2
DA:68,1
DA:70,1
DA:72,0
DA:73,0
DA:78,1
DA:87,2
DA:88,2
DA:89,2
DA:90,1
DA:93,1
DA:95,1
DA:100,1
DA:102,0
DA:103,0
DA:109,1
DA:118,3
DA:119,3
DA:120,3
DA:121,1
DA:124,2
DA:126,2
DA:131,2
DA:132,1
DA:135,1
DA:137,0
DA:138,0
DA:144,1
DA:145,2
DA:146,2
DA:148,2
DA:149,1
DA:152,1
DA:154,0
DA:155,0
DA:159,1
LF:67
LH:55
BRDA:29,0,0,1
BRDA:29,0,1,1
BRDA:53,1,0,1
BRDA:53,1,1,1
BRDA:67,2,0,1
BRDA:67,2,1,1
BRDA:89,3,0,1
BRDA:89,3,1,1
BRDA:120,4,0,1
BRDA:120,4,1,2
BRDA:131,5,0,1
BRDA:131,5,1,1
BRDA:148,6,0,1
BRDA:148,6,1,1
BRF:14
BRH:14
end_of_record
TN:
SF:src\routes\messages.js
FN:13,(anonymous_0)
FN:41,(anonymous_1)
FNF:2
FNH:2
FNDA:3,(anonymous_0)
FNDA:4,(anonymous_1)
DA:1,1
DA:2,1
DA:3,1
DA:5,1
DA:13,1
DA:14,3
DA:15,3
DA:16,3
DA:33,2
DA:35,2
DA:36,2
DA:41,1
DA:42,4
DA:43,4
DA:44,4
DA:45,4
DA:52,3
DA:54,2
DA:55,2
DA:59,1
LF:20
LH:20
BRF:0
BRH:0
end_of_record
TN:
SF:src\routes\patients.js
FN:15,(anonymous_0)
FN:26,(anonymous_1)
FN:50,(anonymous_2)
FN:64,(anonymous_3)
FN:87,(anonymous_4)
FN:127,(anonymous_5)
FN:162,(anonymous_6)
FNF:7
FNH:7
FNDA:2,(anonymous_0)
FNDA:2,(anonymous_1)
FNDA:2,(anonymous_2)
FNDA:2,(anonymous_3)
FNDA:2,(anonymous_4)
FNDA:3,(anonymous_5)
FNDA:2,(anonymous_6)
DA:1,1
DA:2,1
DA:3,1
DA:4,1
DA:6,1
DA:15,1
DA:16,2
DA:17,2
DA:18,1
DA:20,1
DA:21,1
DA:26,1
DA:27,2
DA:28,2
DA:29,2
DA:30,1
DA:33,1
DA:42,1
DA:44,0
DA:45,0
DA:50,1
DA:51,2
DA:52,2
DA:53,2
DA:54,1
DA:56,1
DA:58,0
DA:59,0
DA:64,1
DA:65,2
DA:66,2
DA:67,2
DA:68,1
DA:70,1
DA:72,0
DA:73,0
DA:78,1
DA:88,2
DA:89,2
DA:90,2
DA:91,1
DA:102,1
DA:104,1
DA:109,1
DA:111,0
DA:112,0
DA:118,1
DA:128,3
DA:129,3
DA:130,3
DA:131,1
DA:142,2
DA:144,2
DA:149,2
DA:150,1
DA:153,1
DA:155,0
DA:156,0
DA:162,1
DA:163,2
DA:164,2
DA:166,2
DA:167,1
DA:170,1
DA:172,0
DA:173,0
DA:177,1
LF:67
LH:55
BRDA:29,0,0,1
BRDA:29,0,1,1
BRDA:53,1,0,1
BRDA:53,1,1,1
BRDA:67,2,0,1
BRDA:67,2,1,1
BRDA:90,3,0,1
BRDA:90,3,1,1
BRDA:130,4,0,1
BRDA:130,4,1,2
BRDA:149,5,0,1
BRDA:149,5,1,1
BRDA:166,6,0,1
BRDA:166,6,1,1
BRF:14
BRH:14
end_of_record
TN:
SF:src\routes\prescriptions.js
FN:15,(anonymous_0)
FN:39,(anonymous_1)
FN:58,(anonymous_2)
FN:76,(anonymous_3)
FN:101,(anonymous_4)
FN:136,(anonymous_5)
FN:159,(anonymous_6)
FNF:7
FNH:7
FNDA:2,(anonymous_0)
FNDA:2,(anonymous_1)
FNDA:1,(anonymous_2)
FNDA:1,(anonymous_3)
FNDA:4,(anonymous_4)
FNDA:2,(anonymous_5)
FNDA:2,(anonymous_6)
DA:1,1
DA:2,1
DA:3,1
DA:4,1
DA:6,1
DA:15,1
DA:16,2
DA:17,2
DA:18,2
DA:19,1
DA:22,1
DA:31,1
DA:33,0
DA:34,0
DA:39,1
DA:40,2
DA:41,2
DA:50,1
DA:52,1
DA:53,1
DA:58,1
DA:59,1
DA:60,1
DA:68,1
DA:70,0
DA:71,0
DA:76,1
DA:77,1
DA:78,1
DA:86,1
DA:88,0
DA:89,0
DA:94,1
DA:102,4
DA:103,4
DA:104,4
DA:105,1
DA:108,3
DA:111,3
DA:112,3
DA:113,1
DA:117,2
DA:118,2
DA:119,1
DA:122,1
DA:127,1
DA:129,0
DA:130,0
DA:136,1
DA:137,2
DA:139,2
DA:144,2
DA:145,1
DA:149,1
DA:151,1
DA:153,0
DA:154,0
DA:159,1
DA:160,2
DA:161,2
DA:179,2
DA:180,1
DA:183,1
DA:185,0
DA:186,0
DA:190,1
LF:66
LH:54
BRDA:18,0,0,1
BRDA:18,0,1,1
BRDA:104,1,0,1
BRDA:104,1,1,3
BRDA:112,2,0,1
BRDA:112,2,1,2
BRDA:118,3,0,1
BRDA:118,3,1,1
BRDA:144,4,0,1
BRDA:144,4,1,1
BRDA:179,5,0,1
BRDA:179,5,1,1
BRF:12
BRH:12
end_of_record
